20231012	10:09:53	7e5800e8-fad1-4530-9c87-f48f6c7c2208	GET	/auth/hello	undefined
2023/10/12	10:11:08	87ed4fad-2e8d-4993-9964-27bd90bf40b3	GET	/auth/hello	undefined
2023/10/12	10:12:21	073afac5-9202-48fe-bb5e-51e56f70a174	GET	/auth/hello	undefined
2023/10/12	11:17:55	4c50a00f-4d59-487c-8538-23f781712839	GET	/auth/hello	undefined
2023/10/12	11:37:07	64f7b031-7ef7-4601-9a45-d43438fee3c3	GET	/check	undefined
2023/10/12	11:39:55	6e60b8dd-fd7c-41fe-b7f6-f88705973570	GET	/check	undefined
2023/10/12	11:39:57	fb34d2c1-798b-4175-bf62-a0847d3ac53e	GET	/check	undefined
2023/10/12	11:46:58	151ed6a2-0a0f-46cc-9ac3-54895f01f176	GET	/check	undefined
2023/10/12	13:48:48	fe22ceb7-54c8-429f-af5f-6e4031a1c65f	GET	/check	undefined
2023/10/12	14:32:37	91692ecd-61e9-493c-9cec-c2e3420458c8	POST	/auth/login	undefined
2023/10/12	15:01:09	cd20718a-ada8-4700-80cf-d295ead44e0b	POST	/auth/login	undefined
2023/10/12	15:02:20	2b38f719-3921-4ceb-9808-1831d3748cef	GET	/check	undefined
2023/10/12	15:02:24	6ce503d9-4246-4da3-b828-e5f61b9de403	GET	/check	undefined
2023/10/12	15:02:27	027bd17c-d046-43e5-a62e-0f319225848c	GET	/check	undefined
2023/10/12	15:02:45	dfe0730a-f9f6-4a25-b520-02fb78343684	GET	/hello	undefined
2023/10/12	15:02:55	6914a21c-a1c5-4094-80ad-8d9b44bec9f9	GET	/auth/hello	undefined
2023/10/12	15:03:24	e59ab490-00f9-4bf1-a4d4-c766eb96a155	GET	/auth/hello	undefined
2023/10/12	15:03:27	d5472a01-bb8d-414b-9806-d99383f7a729	GET	/auth/hello	undefined
2023/10/12	15:03:30	071ed831-332c-44d9-8cb2-6f4e572dcfd8	GET	/auth/hello	undefined
2023/10/12	15:03:39	74a35438-803c-48cf-91fc-a62a791d3451	GET	/auth/hello	undefined
2023/10/12	15:26:33	c2b1cd9d-10b2-47a2-b2f3-5125fe00ba50	POST	/auth/login	undefined
2023/10/12	15:27:17	71bf0e3e-e32c-4a51-86a3-b74d3b1d3b15	POST	/auth/login	undefined
2023/10/12	15:27:52	abad559e-b4d6-4441-9730-1acb0183b790	POST	/auth/login	undefined
2023/10/12	15:28:40	a655ef3d-42a8-4f2d-ab9a-cd59b3abaac4	POST	/auth/login	undefined
2023/10/12	15:28:50	90d0d591-b337-49b1-8a44-b478918f1c53	GET	/auth/hello	undefined
2023/10/12	15:57:57	76befb6b-9b5d-45b9-a538-5ec62e421fb1	POST	/auth/login	undefined
2023/10/12	15:58:11	73488fac-5990-4908-bda4-7a8f3a233115	POST	/auth/login	undefined
2023/10/12	15:59:25	1f6eb924-a70a-4268-83bb-7c19c50c2d7a	POST	/auth/login	undefined
2023/10/12	16:00:06	6875013d-60be-41f6-8c3b-c018dfe4a0cb	GET	/auth/hello	undefined
2023/10/12	16:00:08	4a924892-bc13-465a-a3e2-7b49d0295230	GET	/auth/hello	undefined
2023/10/12	16:02:51	e9e9afba-b4f0-4492-ae4f-7a4dc5ae16a7	POST	/auth/login	undefined
2023/10/12	16:02:55	bb64403c-37e7-4705-bfbb-a6724098819d	POST	/auth/login	undefined
2023/10/12	16:02:57	d75000c7-1db4-4ba5-9849-2e8c58a7ca64	POST	/auth/login	undefined
2023/10/12	16:03:35	c0f331ca-eebe-4f57-860d-3fd8430613b6	POST	/auth/login	undefined
2023/10/12	16:03:43	86770023-6321-435b-8666-583532cb8f73	GET	/auth/hello	undefined
2023/10/12	16:04:02	aae6e062-ebaa-4ff3-baaf-f96ee69d4163	GET	/auth/hello	undefined
2023/10/12	16:04:57	ce49a340-81f0-45cd-b91c-65b76707f01a	GET	/auth/hello	undefined
2023/10/12	16:05:04	a42bb509-0ee9-4eea-8017-503ba57f1281	GET	/auth/hello	undefined
2023/10/12	16:05:26	7b3046ee-d343-49a9-9149-1af2fe6775a3	GET	/auth/hello	undefined
2023/10/12	16:05:35	b6286354-1ff7-485f-9cb1-ee8a75745515	GET	/auth/hello	undefined
2023/10/12	16:05:45	867edc0e-4cf0-4850-8456-d891b535d1d1	GET	/auth/hello	undefined
2023/10/12	16:07:01	de10d5d0-075c-4a53-b2c9-630174e87b21	GET	/auth/hello	undefined
2023/10/12	16:08:57	d7de2059-5bbb-4a65-906a-bde11d69bf6a	GET	/auth/hello	undefined
2023/10/12	16:13:09	8ce3b0db-dc85-45e5-8e84-1779ffee54f3	POST	/auth/login	undefined
2023/10/12	16:15:54	cda03e2b-f25f-4785-9c0a-82cbd3dde707	GET	/auth/hello	undefined
2023/10/12	16:16:14	520e6c1b-c4ed-491a-9b75-59d2e691e036	GET	/auth/hello	undefined
2023/10/12	16:16:55	63a90420-5e27-4415-95cd-61c914199de0	GET	/auth/hello	undefined
2023/10/12	16:17:07	cec0084f-6fbc-48b3-8c90-dfad5a9e02f4	GET	/auth/hello	undefined
2023/10/12	16:17:14	8d91ed7f-46a6-4c64-a47f-ef62607d90e6	GET	/auth/hello	undefined
2023/10/12	16:20:18	fdaffff1-d101-4de9-9fc5-1fd6aef08268	POST	/auth/login	undefined
2023/10/12	16:21:02	da2d3152-cd69-461e-a6f9-a24a6b121205	GET	/auth/hello	undefined
2023/10/12	16:21:54	0a477742-0c4d-40b7-8cf4-d9620982b03c	GET	/auth/hello	undefined
2023/10/12	16:22:19	c0d25878-3089-4ef9-9b47-a0e8f862570a	GET	/auth/hello	undefined
2023/10/12	16:24:14	d7f38f02-c195-4d18-bbcf-18db5d3722eb	POST	/auth/login	undefined
2023/10/12	16:24:16	2d441c51-29d8-4b15-ad8e-f713d46b608f	POST	/auth/login	undefined
2023/10/12	16:24:27	711fa646-7dd7-4886-bc9a-b2e7f27bbae6	GET	/auth/hello	undefined
2023/10/12	16:25:13	a370a69b-d82b-4e76-a08b-6567e81d4ce1	GET	/auth/hello	undefined
2023/10/12	16:27:28	ee3bd148-8f7d-4acb-8ce9-6062f89c9752	GET	/auth/hello	undefined
2023/10/12	16:28:08	818d2c4a-8391-42bd-a6f4-43c9143c5483	GET	/auth/hello	undefined
2023/10/12	16:28:18	8b59242c-8316-4b01-a9fc-0a43bbf8d4a8	GET	/auth/hello	undefined
2023/10/12	16:28:29	07f4e37d-937a-4c26-a9ac-aded0517a6a9	GET	/auth/hello	undefined
2023/10/12	16:39:38	5fc6d64f-fa63-4280-9f5c-1f76669faaa6	GET	/auth/hello	undefined
2023/10/12	17:02:46	6f112e36-7d08-4329-903b-c9e5d8ec34e8	POST	/auth/login	undefined
2023/10/12	17:02:49	1a54409f-f173-41e9-a0ad-ee7865e235ff	POST	/auth/login	undefined
2023/10/12	17:02:58	43ada518-61d6-4596-8570-e2cee471fb1b	GET	/auth/hello	undefined
2023/10/12	17:03:40	4a308131-ad35-4cea-84bb-ee18a8933b57	GET	/auth/hello	undefined
2023/10/12	17:09:16	603c49d7-0ea3-4f48-af12-e688facf99d2	GET	/auth/hello	undefined
2023/10/12	17:09:22	0f01801e-be2c-4890-842a-f2c3cc956ca4	GET	/auth/hello	undefined
2023/10/12	17:09:36	2b5de54e-b9dc-4fd8-9210-4dffc3eb5fa3	GET	/auth/hello	undefined
2023/10/12	17:09:50	d67e8db5-a8cc-461a-81f6-b0531f782ef2	GET	/auth/hello	undefined
2023/10/12	17:10:53	14f784ea-76d7-4eb3-8b1d-65ac9d445b9b	POST	/auth/login	undefined
2023/10/12	17:11:02	e0e7c85e-9678-4767-ac01-45bb46d43f53	GET	/auth/hello	undefined
2023/10/12	17:16:39	3e2c0ae3-784e-4fb3-83ae-d68fd53a35b2	POST	/auth/login	undefined
2023/10/12	17:19:23	b05c0386-f09d-41ea-a6c5-4b574799e81a	GET	/auth/refresh	undefined
2023/10/12	17:20:13	1bba83a3-970f-4276-bd6b-9eedb1109521	POST	/auth/login	undefined
2023/10/12	17:20:44	32503e5b-325c-4612-9202-77d5f90859c0	POST	/auth/login	undefined
2023/10/12	17:21:17	c5d94f2d-d9be-4e91-b7ab-9200f00cc566	POST	/auth/refresh	undefined
2023/10/12	17:22:42	dc435aef-2b55-43b7-9849-a323a2560f2b	POST	/auth/login	undefined
2023/10/12	17:23:04	3cde81af-b008-44fd-a255-260c54263650	POST	/auth/refresh	undefined
2023/10/12	17:26:02	3bdd255f-84ca-410d-bd40-a1a2467e7e70	POST	/auth/refresh	undefined
2023/10/12	17:26:06	9dfbf8d6-530d-4a66-8d14-9c4f9ce4f497	POST	/auth/login	undefined
2023/10/12	17:33:07	d59e8b8b-b693-480b-9b0b-8f9010033464	POST	/auth/login	undefined
2023/10/12	17:39:22	387449af-d3da-4944-94ab-7e215f9a1d34	POST	/auth/login	undefined
2023/10/12	17:39:47	deea86d9-39b3-4aa0-b12f-03236225e8f9	GET	/auth/hello	undefined
2023/10/12	17:41:45	8687b77a-7262-45cd-bdac-fff44b86b53c	GET	/auth/hello	undefined
2023/10/12	17:42:56	00ac428a-0e7f-4746-8cd6-ecd473430e80	GET	/auth/hello	undefined
2023/10/12	17:43:09	7763e280-70ff-4c37-bae7-8d1768d2dc64	POST	/auth/login	undefined
2023/10/12	17:43:21	a01a1d4d-dab2-4a8c-8d2b-fce43daa29b9	GET	/auth/hello	undefined
2023/10/12	17:44:53	8b68e6e2-05a6-4d61-b274-a7980a8d9fd9	GET	/auth/hello	undefined
2023/10/12	17:45:19	320d5126-1c5b-482b-80c8-a0aded58e489	GET	/auth/hello	undefined
2023/10/12	17:46:33	52d9e6c8-e315-42b5-91eb-9ebb620c8678	GET	/auth/hello	undefined
2023/10/12	17:47:32	0ff5dfcc-491a-44b2-a761-66cfcc58df5f	POST	/auth/login	undefined
2023/10/12	17:47:36	8cab40a0-9739-4487-8171-1048114ebbeb	GET	/auth/hello	undefined
2023/10/12	17:48:24	f57a6724-0d3f-467b-b897-6760b3ed07bd	GET	/auth/hello	undefined
2023/10/12	17:50:55	14f0ccf3-c9ac-4a7e-8afb-ed39464dd8de	GET	/auth/hello	undefined
2023/10/12	17:52:45	c9b60670-7fd5-416e-9435-b5c5c9fbcd03	GET	/auth/hello	undefined
2023/10/12	17:53:20	e45eccd8-ff40-4743-9989-4f4ae017de82	GET	/auth/hello	undefined
2023/10/12	17:53:39	91991bb7-9298-4271-8472-d0cba2823a94	GET	/auth/hello	undefined
2023/10/12	17:55:43	6b1d340b-d4dc-4fbd-869a-c3b6f9649b05	GET	/auth/hello	undefined
2023/10/12	17:56:01	375dc2f0-d904-4656-892c-700f3b9aee33	GET	/auth/hello	undefined
2023/10/12	17:56:24	c3398aea-851b-4582-85e8-91dc0963139c	GET	/auth/hello	undefined
